d:\проекты\space invaders\space invaders\x64\debug\vc141.pdb
d:\проекты\space invaders\space invaders\x64\debug\vc141.idb
d:\проекты\space invaders\space invaders\x64\debug\space invaders.obj
d:\проекты\space invaders\space invaders\x64\debug\ship.obj
d:\проекты\space invaders\space invaders\x64\debug\field.obj
d:\проекты\space invaders\space invaders\x64\debug\enemy.obj
d:\проекты\space invaders\space invaders\x64\debug\ammunition.obj
d:\проекты\space invaders\x64\debug\space invaders.pdb
d:\проекты\space invaders\space invaders\x64\debug\space invaders.tlog\cl.command.1.tlog
d:\проекты\space invaders\space invaders\x64\debug\space invaders.tlog\cl.read.1.tlog
d:\проекты\space invaders\space invaders\x64\debug\space invaders.tlog\cl.write.1.tlog
d:\проекты\space invaders\space invaders\x64\debug\space invaders.tlog\link-cvtres.read.1.tlog
d:\проекты\space invaders\space invaders\x64\debug\space invaders.tlog\link-cvtres.write.1.tlog
d:\проекты\space invaders\space invaders\x64\debug\space invaders.tlog\link-rc.read.1.tlog
d:\проекты\space invaders\space invaders\x64\debug\space invaders.tlog\link-rc.write.1.tlog
d:\проекты\space invaders\space invaders\x64\debug\space invaders.tlog\link.14220-cvtres.read.1.tlog
d:\проекты\space invaders\space invaders\x64\debug\space invaders.tlog\link.14220-cvtres.write.1.tlog
d:\проекты\space invaders\space invaders\x64\debug\space invaders.tlog\link.14220-rc.read.1.tlog
d:\проекты\space invaders\space invaders\x64\debug\space invaders.tlog\link.14220-rc.write.1.tlog
d:\проекты\space invaders\space invaders\x64\debug\space invaders.tlog\link.14220.read.1.tlog
d:\проекты\space invaders\space invaders\x64\debug\space invaders.tlog\link.14220.write.1.tlog
d:\проекты\space invaders\space invaders\x64\debug\space invaders.tlog\link.command.1.tlog
d:\проекты\space invaders\space invaders\x64\debug\space invaders.tlog\link.read.1.tlog
d:\проекты\space invaders\space invaders\x64\debug\space invaders.tlog\link.write.1.tlog
